2025-10-24 10:04:15 INFO  [main] e.c.E.FoodRecipeApplication - Starting FoodRecipeApplication using Java 21.0.8 with PID 62531 (/Users/selin/cs341/finalProject/EatAndShare/build/classes/java/main started by selin in /Users/selin/cs341/finalProject/EatAndShare)
2025-10-24 10:04:15 INFO  [main] e.c.E.FoodRecipeApplication - No active profile set, falling back to 1 default profile: "default"
2025-10-24 10:04:15 INFO  [main] o.s.d.r.c.RepositoryConfigurationDelegate - Bootstrapping Spring Data JPA repositories in DEFAULT mode.
2025-10-24 10:04:15 INFO  [main] o.s.d.r.c.RepositoryConfigurationDelegate - Finished Spring Data repository scanning in 15 ms. Found 5 JPA repository interfaces.
2025-10-24 10:04:16 INFO  [main] o.s.b.w.e.tomcat.TomcatWebServer - Tomcat initialized with port 8080 (http)
2025-10-24 10:04:16 INFO  [main] o.a.coyote.http11.Http11NioProtocol - Initializing ProtocolHandler ["http-nio-8080"]
2025-10-24 10:04:16 INFO  [main] o.a.catalina.core.StandardService - Starting service [Tomcat]
2025-10-24 10:04:16 INFO  [main] o.a.catalina.core.StandardEngine - Starting Servlet engine: [Apache Tomcat/10.1.44]
2025-10-24 10:04:16 INFO  [main] o.a.c.c.C.[Tomcat].[localhost].[/] - Initializing Spring embedded WebApplicationContext
2025-10-24 10:04:16 INFO  [main] o.s.b.w.s.c.ServletWebServerApplicationContext - Root WebApplicationContext: initialization completed in 395 ms
2025-10-24 10:04:16 INFO  [main] o.h.jpa.internal.util.LogHelper - HHH000204: Processing PersistenceUnitInfo [name: default]
2025-10-24 10:04:16 INFO  [main] org.hibernate.Version - HHH000412: Hibernate ORM core version 6.6.26.Final
2025-10-24 10:04:16 INFO  [main] o.h.c.i.RegionFactoryInitiator - HHH000026: Second-level cache disabled
2025-10-24 10:04:16 INFO  [main] o.s.o.j.p.SpringPersistenceUnitInfo - No LoadTimeWeaver setup: ignoring JPA class transformer
2025-10-24 10:04:16 INFO  [main] com.zaxxer.hikari.HikariDataSource - HikariPool-1 - Starting...
2025-10-24 10:04:16 INFO  [main] com.zaxxer.hikari.pool.HikariPool - HikariPool-1 - Added connection com.mysql.cj.jdbc.ConnectionImpl@4ede035e
2025-10-24 10:04:16 INFO  [main] com.zaxxer.hikari.HikariDataSource - HikariPool-1 - Start completed.
2025-10-24 10:04:16 WARN  [main] org.hibernate.orm.deprecation - HHH90000025: MySQL8Dialect does not need to be specified explicitly using 'hibernate.dialect' (remove the property setting and it will be selected by default)
2025-10-24 10:04:16 WARN  [main] org.hibernate.orm.deprecation - HHH90000026: MySQL8Dialect has been deprecated; use org.hibernate.dialect.MySQLDialect instead
2025-10-24 10:04:16 INFO  [main] o.hibernate.orm.connections.pooling - HHH10001005: Database info:
	Database JDBC URL [Connecting through datasource 'HikariDataSource (HikariPool-1)']
	Database driver: undefined/unknown
	Database version: 8.0
	Autocommit mode: undefined/unknown
	Isolation level: undefined/unknown
	Minimum pool size: undefined/unknown
	Maximum pool size: undefined/unknown
2025-10-24 10:04:16 INFO  [main] o.h.e.t.j.p.i.JtaPlatformInitiator - HHH000489: No JTA platform available (set 'hibernate.transaction.jta.platform' to enable JTA platform integration)
2025-10-24 10:04:16 INFO  [main] o.s.o.j.LocalContainerEntityManagerFactoryBean - Initialized JPA EntityManagerFactory for persistence unit 'default'
2025-10-24 10:04:16 INFO  [main] o.s.d.j.r.query.QueryEnhancerFactory - Hibernate is in classpath; If applicable, HQL parser will be used.
2025-10-24 10:04:17 INFO  [main] e.c.E.web.service.RecipeServiceImpl - ✅ RecipeServiceImpl initialized successfully
2025-10-24 10:04:17 WARN  [main] o.s.b.a.o.j.JpaBaseConfiguration$JpaWebConfiguration - spring.jpa.open-in-view is enabled by default. Therefore, database queries may be performed during view rendering. Explicitly configure spring.jpa.open-in-view to disable this warning
2025-10-24 10:04:17 WARN  [main] o.s.b.a.s.s.UserDetailsServiceAutoConfiguration - 

Using generated security password: d03b92f3-4d61-49ce-8fe4-2a99e5570366

This generated password is for development use only. Your security configuration must be updated before running your application in production.

2025-10-24 10:04:17 INFO  [main] o.s.s.c.a.a.c.InitializeUserDetailsBeanManagerConfigurer$InitializeUserDetailsManagerConfigurer - Global AuthenticationManager configured with UserDetailsService bean with name inMemoryUserDetailsManager
2025-10-24 10:04:17 INFO  [main] o.s.b.a.w.s.WelcomePageHandlerMapping - Adding welcome page template: index
2025-10-24 10:04:17 INFO  [main] o.a.coyote.http11.Http11NioProtocol - Starting ProtocolHandler ["http-nio-8080"]
2025-10-24 10:04:17 INFO  [main] o.s.b.w.e.tomcat.TomcatWebServer - Tomcat started on port 8080 (http) with context path '/'
2025-10-24 10:04:17 INFO  [main] e.c.E.FoodRecipeApplication - Started FoodRecipeApplication in 1.897 seconds (process running for 2.052)
2025-10-24 10:04:30 INFO  [SpringApplicationShutdownHook] o.s.b.w.e.tomcat.GracefulShutdown - Commencing graceful shutdown. Waiting for active requests to complete
2025-10-24 10:04:30 INFO  [tomcat-shutdown] o.s.b.w.e.tomcat.GracefulShutdown - Graceful shutdown complete
2025-10-24 10:04:30 INFO  [SpringApplicationShutdownHook] o.s.o.j.LocalContainerEntityManagerFactoryBean - Closing JPA EntityManagerFactory for persistence unit 'default'
2025-10-24 10:04:30 INFO  [SpringApplicationShutdownHook] com.zaxxer.hikari.HikariDataSource - HikariPool-1 - Shutdown initiated...
2025-10-24 10:04:30 INFO  [SpringApplicationShutdownHook] com.zaxxer.hikari.HikariDataSource - HikariPool-1 - Shutdown completed.
2025-10-24 10:16:38 INFO  [Test worker] e.c.E.web.service.UserServiceTest - Starting UserServiceTest using Java 21.0.8 with PID 62599 (started by selin in /Users/selin/cs341/finalProject/EatAndShare)
2025-10-24 10:16:38 INFO  [Test worker] e.c.E.web.service.UserServiceTest - No active profile set, falling back to 1 default profile: "default"
2025-10-24 10:16:39 INFO  [Test worker] o.s.d.r.c.RepositoryConfigurationDelegate - Bootstrapping Spring Data JPA repositories in DEFAULT mode.
2025-10-24 10:16:39 INFO  [Test worker] o.s.d.r.c.RepositoryConfigurationDelegate - Finished Spring Data repository scanning in 16 ms. Found 5 JPA repository interfaces.
2025-10-24 10:16:39 INFO  [Test worker] o.h.jpa.internal.util.LogHelper - HHH000204: Processing PersistenceUnitInfo [name: default]
2025-10-24 10:16:39 INFO  [Test worker] org.hibernate.Version - HHH000412: Hibernate ORM core version 6.6.26.Final
2025-10-24 10:16:39 INFO  [Test worker] o.h.c.i.RegionFactoryInitiator - HHH000026: Second-level cache disabled
2025-10-24 10:16:39 INFO  [Test worker] o.s.o.j.p.SpringPersistenceUnitInfo - No LoadTimeWeaver setup: ignoring JPA class transformer
2025-10-24 10:16:39 INFO  [Test worker] com.zaxxer.hikari.HikariDataSource - HikariPool-1 - Starting...
2025-10-24 10:16:39 INFO  [Test worker] com.zaxxer.hikari.pool.HikariPool - HikariPool-1 - Added connection conn0: url=jdbc:h2:mem:testdb user=SA
2025-10-24 10:16:39 INFO  [Test worker] com.zaxxer.hikari.HikariDataSource - HikariPool-1 - Start completed.
2025-10-24 10:16:39 INFO  [Test worker] o.hibernate.orm.connections.pooling - HHH10001005: Database info:
	Database JDBC URL [Connecting through datasource 'HikariDataSource (HikariPool-1)']
	Database driver: undefined/unknown
	Database version: 2.3.232
	Autocommit mode: undefined/unknown
	Isolation level: undefined/unknown
	Minimum pool size: undefined/unknown
	Maximum pool size: undefined/unknown
2025-10-24 10:16:39 INFO  [Test worker] o.h.e.t.j.p.i.JtaPlatformInitiator - HHH000489: No JTA platform available (set 'hibernate.transaction.jta.platform' to enable JTA platform integration)
2025-10-24 10:16:39 INFO  [Test worker] o.s.o.j.LocalContainerEntityManagerFactoryBean - Initialized JPA EntityManagerFactory for persistence unit 'default'
2025-10-24 10:16:39 INFO  [Test worker] o.s.d.j.r.query.QueryEnhancerFactory - Hibernate is in classpath; If applicable, HQL parser will be used.
2025-10-24 10:16:40 INFO  [Test worker] e.c.E.web.service.RecipeServiceImpl - ✅ RecipeServiceImpl initialized successfully
2025-10-24 10:16:40 WARN  [Test worker] o.s.b.a.o.j.JpaBaseConfiguration$JpaWebConfiguration - spring.jpa.open-in-view is enabled by default. Therefore, database queries may be performed during view rendering. Explicitly configure spring.jpa.open-in-view to disable this warning
2025-10-24 10:16:40 WARN  [Test worker] o.s.b.a.s.s.UserDetailsServiceAutoConfiguration - 

Using generated security password: 74be1c80-928d-4d9f-8df8-181afc677770

This generated password is for development use only. Your security configuration must be updated before running your application in production.

2025-10-24 10:16:40 INFO  [Test worker] o.s.s.c.a.a.c.InitializeUserDetailsBeanManagerConfigurer$InitializeUserDetailsManagerConfigurer - Global AuthenticationManager configured with UserDetailsService bean with name inMemoryUserDetailsManager
2025-10-24 10:16:40 INFO  [Test worker] o.s.b.a.w.s.WelcomePageHandlerMapping - Adding welcome page template: index
2025-10-24 10:16:40 INFO  [Test worker] e.c.E.web.service.UserServiceTest - Started UserServiceTest in 1.754 seconds (process running for 2.124)
2025-10-24 10:16:41 INFO  [SpringApplicationShutdownHook] o.s.o.j.LocalContainerEntityManagerFactoryBean - Closing JPA EntityManagerFactory for persistence unit 'default'
2025-10-24 10:16:41 INFO  [SpringApplicationShutdownHook] com.zaxxer.hikari.HikariDataSource - HikariPool-1 - Shutdown initiated...
2025-10-24 10:16:41 INFO  [SpringApplicationShutdownHook] com.zaxxer.hikari.HikariDataSource - HikariPool-1 - Shutdown completed.
2025-10-24 10:16:52 INFO  [Test worker] e.c.E.web.service.RecipeServiceTest - Starting RecipeServiceTest using Java 21.0.8 with PID 62616 (started by selin in /Users/selin/cs341/finalProject/EatAndShare)
2025-10-24 10:16:52 INFO  [Test worker] e.c.E.web.service.RecipeServiceTest - No active profile set, falling back to 1 default profile: "default"
2025-10-24 10:16:52 INFO  [Test worker] o.s.d.r.c.RepositoryConfigurationDelegate - Bootstrapping Spring Data JPA repositories in DEFAULT mode.
2025-10-24 10:16:52 INFO  [Test worker] o.s.d.r.c.RepositoryConfigurationDelegate - Finished Spring Data repository scanning in 19 ms. Found 5 JPA repository interfaces.
2025-10-24 10:16:52 INFO  [Test worker] o.h.jpa.internal.util.LogHelper - HHH000204: Processing PersistenceUnitInfo [name: default]
2025-10-24 10:16:52 INFO  [Test worker] org.hibernate.Version - HHH000412: Hibernate ORM core version 6.6.26.Final
2025-10-24 10:16:52 INFO  [Test worker] o.h.c.i.RegionFactoryInitiator - HHH000026: Second-level cache disabled
2025-10-24 10:16:52 INFO  [Test worker] o.s.o.j.p.SpringPersistenceUnitInfo - No LoadTimeWeaver setup: ignoring JPA class transformer
2025-10-24 10:16:52 INFO  [Test worker] com.zaxxer.hikari.HikariDataSource - HikariPool-1 - Starting...
2025-10-24 10:16:52 INFO  [Test worker] com.zaxxer.hikari.pool.HikariPool - HikariPool-1 - Added connection conn0: url=jdbc:h2:mem:testdb user=SA
2025-10-24 10:16:52 INFO  [Test worker] com.zaxxer.hikari.HikariDataSource - HikariPool-1 - Start completed.
2025-10-24 10:16:52 INFO  [Test worker] o.hibernate.orm.connections.pooling - HHH10001005: Database info:
	Database JDBC URL [Connecting through datasource 'HikariDataSource (HikariPool-1)']
	Database driver: undefined/unknown
	Database version: 2.3.232
	Autocommit mode: undefined/unknown
	Isolation level: undefined/unknown
	Minimum pool size: undefined/unknown
	Maximum pool size: undefined/unknown
2025-10-24 10:16:52 INFO  [Test worker] o.h.e.t.j.p.i.JtaPlatformInitiator - HHH000489: No JTA platform available (set 'hibernate.transaction.jta.platform' to enable JTA platform integration)
2025-10-24 10:16:52 INFO  [Test worker] o.s.o.j.LocalContainerEntityManagerFactoryBean - Initialized JPA EntityManagerFactory for persistence unit 'default'
2025-10-24 10:16:53 INFO  [Test worker] o.s.d.j.r.query.QueryEnhancerFactory - Hibernate is in classpath; If applicable, HQL parser will be used.
2025-10-24 10:16:53 INFO  [Test worker] e.c.E.web.service.RecipeServiceImpl - ✅ RecipeServiceImpl initialized successfully
2025-10-24 10:16:53 WARN  [Test worker] o.s.b.a.o.j.JpaBaseConfiguration$JpaWebConfiguration - spring.jpa.open-in-view is enabled by default. Therefore, database queries may be performed during view rendering. Explicitly configure spring.jpa.open-in-view to disable this warning
2025-10-24 10:16:53 WARN  [Test worker] o.s.b.a.s.s.UserDetailsServiceAutoConfiguration - 

Using generated security password: e159c1e8-1739-4983-b79c-9ad5d0dc1fd5

This generated password is for development use only. Your security configuration must be updated before running your application in production.

2025-10-24 10:16:53 INFO  [Test worker] o.s.s.c.a.a.c.InitializeUserDetailsBeanManagerConfigurer$InitializeUserDetailsManagerConfigurer - Global AuthenticationManager configured with UserDetailsService bean with name inMemoryUserDetailsManager
2025-10-24 10:16:53 INFO  [Test worker] o.s.b.a.w.s.WelcomePageHandlerMapping - Adding welcome page template: index
2025-10-24 10:16:53 INFO  [Test worker] e.c.E.web.service.RecipeServiceTest - Started RecipeServiceTest in 1.726 seconds (process running for 2.09)
2025-10-24 10:16:53 WARN  [Test worker] e.c.E.web.service.RecipeServiceImpl - ⚠️ Category 'Main course' not found — creating it now
2025-10-24 10:16:53 INFO  [Test worker] e.c.E.web.service.RecipeServiceImpl - Saved image for recipe 'Pizza' to /uploads/1761322613966_pizza.jpg
2025-10-24 10:16:53 INFO  [Test worker] e.c.E.web.service.RecipeServiceImpl - Recipe 'Pizza' saved successfully (id=1) under category 'Main course'
2025-10-24 10:16:53 INFO  [Test worker] e.c.E.web.service.RecipeServiceImpl - Linked 2 ingredients to recipe 'Pizza'
2025-10-24 10:16:53 WARN  [Test worker] e.c.E.web.service.RecipeServiceImpl - ⚠️ Category 'Vegan' not found — creating it now
2025-10-24 10:16:53 INFO  [Test worker] e.c.E.web.service.RecipeServiceImpl - Recipe 'Salad Bowl' saved successfully (id=2) under category 'Vegan'
2025-10-24 10:16:54 INFO  [Test worker] e.c.E.web.service.RecipeServiceImpl - Linked 2 ingredients to recipe 'Salad Bowl'
2025-10-24 10:16:54 WARN  [Test worker] e.c.E.web.service.RecipeServiceImpl - ⚠️ Category 'Breakfast' not found — creating it now
2025-10-24 10:16:54 INFO  [Test worker] e.c.E.web.service.RecipeServiceImpl - Recipe 'Omelette' saved successfully (id=3) under category 'Breakfast'
2025-10-24 10:16:54 INFO  [Test worker] e.c.E.web.service.RecipeServiceImpl - Linked 1 ingredients to recipe 'Omelette'
2025-10-24 10:16:54 WARN  [Test worker] e.c.E.web.service.RecipeServiceImpl - ⚠️ Category 'Dessert' not found — creating it now
2025-10-24 10:16:54 INFO  [Test worker] e.c.E.web.service.RecipeServiceImpl - Saved image for recipe 'Chocolate Cake' to /uploads/1761322614022_cake.png
2025-10-24 10:16:54 INFO  [Test worker] e.c.E.web.service.RecipeServiceImpl - Recipe 'Chocolate Cake' saved successfully (id=4) under category 'Dessert'
2025-10-24 10:16:54 INFO  [Test worker] e.c.E.web.service.RecipeServiceImpl - Linked 2 ingredients to recipe 'Chocolate Cake'
2025-10-24 10:16:54 INFO  [SpringApplicationShutdownHook] o.s.o.j.LocalContainerEntityManagerFactoryBean - Closing JPA EntityManagerFactory for persistence unit 'default'
2025-10-24 10:16:54 INFO  [SpringApplicationShutdownHook] com.zaxxer.hikari.HikariDataSource - HikariPool-1 - Shutdown initiated...
2025-10-24 10:16:54 INFO  [SpringApplicationShutdownHook] com.zaxxer.hikari.HikariDataSource - HikariPool-1 - Shutdown completed.
2025-10-24 10:41:28 INFO  [main] e.c.E.FoodRecipeApplication - Starting FoodRecipeApplication using Java 21.0.8 with PID 62841 (/Users/selin/cs341/finalProject/EatAndShare/build/classes/java/main started by selin in /Users/selin/cs341/finalProject/EatAndShare)
2025-10-24 10:41:28 INFO  [main] e.c.E.FoodRecipeApplication - No active profile set, falling back to 1 default profile: "default"
2025-10-24 10:41:28 INFO  [main] o.s.d.r.c.RepositoryConfigurationDelegate - Bootstrapping Spring Data JPA repositories in DEFAULT mode.
2025-10-24 10:41:28 INFO  [main] o.s.d.r.c.RepositoryConfigurationDelegate - Finished Spring Data repository scanning in 14 ms. Found 5 JPA repository interfaces.
2025-10-24 10:41:28 INFO  [main] o.s.b.w.e.tomcat.TomcatWebServer - Tomcat initialized with port 8080 (http)
2025-10-24 10:41:28 INFO  [main] o.a.coyote.http11.Http11NioProtocol - Initializing ProtocolHandler ["http-nio-8080"]
2025-10-24 10:41:28 INFO  [main] o.a.catalina.core.StandardService - Starting service [Tomcat]
2025-10-24 10:41:28 INFO  [main] o.a.catalina.core.StandardEngine - Starting Servlet engine: [Apache Tomcat/10.1.44]
2025-10-24 10:41:28 INFO  [main] o.a.c.c.C.[Tomcat].[localhost].[/] - Initializing Spring embedded WebApplicationContext
2025-10-24 10:41:28 INFO  [main] o.s.b.w.s.c.ServletWebServerApplicationContext - Root WebApplicationContext: initialization completed in 374 ms
2025-10-24 10:41:28 INFO  [main] o.h.jpa.internal.util.LogHelper - HHH000204: Processing PersistenceUnitInfo [name: default]
2025-10-24 10:41:28 INFO  [main] org.hibernate.Version - HHH000412: Hibernate ORM core version 6.6.26.Final
2025-10-24 10:41:28 INFO  [main] o.h.c.i.RegionFactoryInitiator - HHH000026: Second-level cache disabled
2025-10-24 10:41:28 INFO  [main] o.s.o.j.p.SpringPersistenceUnitInfo - No LoadTimeWeaver setup: ignoring JPA class transformer
2025-10-24 10:41:28 INFO  [main] com.zaxxer.hikari.HikariDataSource - HikariPool-1 - Starting...
2025-10-24 10:41:28 INFO  [main] com.zaxxer.hikari.pool.HikariPool - HikariPool-1 - Added connection com.mysql.cj.jdbc.ConnectionImpl@6cd66f6a
2025-10-24 10:41:28 INFO  [main] com.zaxxer.hikari.HikariDataSource - HikariPool-1 - Start completed.
2025-10-24 10:41:28 WARN  [main] org.hibernate.orm.deprecation - HHH90000025: MySQL8Dialect does not need to be specified explicitly using 'hibernate.dialect' (remove the property setting and it will be selected by default)
2025-10-24 10:41:28 WARN  [main] org.hibernate.orm.deprecation - HHH90000026: MySQL8Dialect has been deprecated; use org.hibernate.dialect.MySQLDialect instead
2025-10-24 10:41:28 INFO  [main] o.hibernate.orm.connections.pooling - HHH10001005: Database info:
	Database JDBC URL [Connecting through datasource 'HikariDataSource (HikariPool-1)']
	Database driver: undefined/unknown
	Database version: 8.0
	Autocommit mode: undefined/unknown
	Isolation level: undefined/unknown
	Minimum pool size: undefined/unknown
	Maximum pool size: undefined/unknown
2025-10-24 10:41:28 INFO  [main] o.h.e.t.j.p.i.JtaPlatformInitiator - HHH000489: No JTA platform available (set 'hibernate.transaction.jta.platform' to enable JTA platform integration)
2025-10-24 10:41:29 INFO  [main] o.s.o.j.LocalContainerEntityManagerFactoryBean - Initialized JPA EntityManagerFactory for persistence unit 'default'
2025-10-24 10:41:29 INFO  [main] o.s.d.j.r.query.QueryEnhancerFactory - Hibernate is in classpath; If applicable, HQL parser will be used.
2025-10-24 10:41:29 INFO  [main] e.c.E.web.service.RecipeServiceImpl - ✅ RecipeServiceImpl initialized successfully
2025-10-24 10:41:29 WARN  [main] o.s.b.a.o.j.JpaBaseConfiguration$JpaWebConfiguration - spring.jpa.open-in-view is enabled by default. Therefore, database queries may be performed during view rendering. Explicitly configure spring.jpa.open-in-view to disable this warning
2025-10-24 10:41:29 WARN  [main] o.s.b.a.s.s.UserDetailsServiceAutoConfiguration - 

Using generated security password: 1d9fbfe8-ec30-433d-90d2-5458dd316620

This generated password is for development use only. Your security configuration must be updated before running your application in production.

2025-10-24 10:41:29 INFO  [main] o.s.s.c.a.a.c.InitializeUserDetailsBeanManagerConfigurer$InitializeUserDetailsManagerConfigurer - Global AuthenticationManager configured with UserDetailsService bean with name inMemoryUserDetailsManager
2025-10-24 10:41:29 INFO  [main] o.s.b.a.w.s.WelcomePageHandlerMapping - Adding welcome page template: index
2025-10-24 10:41:29 INFO  [main] o.a.coyote.http11.Http11NioProtocol - Starting ProtocolHandler ["http-nio-8080"]
2025-10-24 10:41:29 INFO  [main] o.s.b.w.e.tomcat.TomcatWebServer - Tomcat started on port 8080 (http) with context path '/'
2025-10-24 10:41:29 INFO  [main] e.c.E.FoodRecipeApplication - Started FoodRecipeApplication in 1.715 seconds (process running for 1.815)
2025-10-24 10:41:39 INFO  [http-nio-8080-exec-1] o.a.c.c.C.[Tomcat].[localhost].[/] - Initializing Spring DispatcherServlet 'dispatcherServlet'
2025-10-24 10:41:39 INFO  [http-nio-8080-exec-1] o.s.web.servlet.DispatcherServlet - Initializing Servlet 'dispatcherServlet'
2025-10-24 10:41:39 INFO  [http-nio-8080-exec-1] o.s.web.servlet.DispatcherServlet - Completed initialization in 1 ms
2025-10-24 10:49:45 INFO  [SpringApplicationShutdownHook] o.s.b.w.e.tomcat.GracefulShutdown - Commencing graceful shutdown. Waiting for active requests to complete
2025-10-24 10:49:45 INFO  [tomcat-shutdown] o.s.b.w.e.tomcat.GracefulShutdown - Graceful shutdown complete
2025-10-24 10:49:45 INFO  [SpringApplicationShutdownHook] o.s.o.j.LocalContainerEntityManagerFactoryBean - Closing JPA EntityManagerFactory for persistence unit 'default'
2025-10-24 10:49:45 INFO  [SpringApplicationShutdownHook] com.zaxxer.hikari.HikariDataSource - HikariPool-1 - Shutdown initiated...
2025-10-24 10:49:45 INFO  [SpringApplicationShutdownHook] com.zaxxer.hikari.HikariDataSource - HikariPool-1 - Shutdown completed.
2025-10-24 10:49:50 INFO  [Test worker] e.c.E.web.controller.EatAndShareTest - Starting EatAndShareTest using Java 21.0.8 with PID 62976 (started by selin in /Users/selin/cs341/finalProject/EatAndShare)
2025-10-24 10:49:50 INFO  [Test worker] e.c.E.web.controller.EatAndShareTest - No active profile set, falling back to 1 default profile: "default"
2025-10-24 10:49:50 INFO  [Test worker] o.s.d.r.c.RepositoryConfigurationDelegate - Bootstrapping Spring Data JPA repositories in DEFAULT mode.
2025-10-24 10:49:50 INFO  [Test worker] o.s.d.r.c.RepositoryConfigurationDelegate - Finished Spring Data repository scanning in 16 ms. Found 5 JPA repository interfaces.
2025-10-24 10:49:50 INFO  [Test worker] o.h.jpa.internal.util.LogHelper - HHH000204: Processing PersistenceUnitInfo [name: default]
2025-10-24 10:49:50 INFO  [Test worker] org.hibernate.Version - HHH000412: Hibernate ORM core version 6.6.26.Final
2025-10-24 10:49:50 INFO  [Test worker] o.h.c.i.RegionFactoryInitiator - HHH000026: Second-level cache disabled
2025-10-24 10:49:50 INFO  [Test worker] o.s.o.j.p.SpringPersistenceUnitInfo - No LoadTimeWeaver setup: ignoring JPA class transformer
2025-10-24 10:49:50 INFO  [Test worker] com.zaxxer.hikari.HikariDataSource - HikariPool-1 - Starting...
2025-10-24 10:49:51 INFO  [Test worker] com.zaxxer.hikari.pool.HikariPool - HikariPool-1 - Added connection conn0: url=jdbc:h2:mem:testdb user=SA
2025-10-24 10:49:51 INFO  [Test worker] com.zaxxer.hikari.HikariDataSource - HikariPool-1 - Start completed.
2025-10-24 10:49:51 INFO  [Test worker] o.hibernate.orm.connections.pooling - HHH10001005: Database info:
	Database JDBC URL [Connecting through datasource 'HikariDataSource (HikariPool-1)']
	Database driver: undefined/unknown
	Database version: 2.3.232
	Autocommit mode: undefined/unknown
	Isolation level: undefined/unknown
	Minimum pool size: undefined/unknown
	Maximum pool size: undefined/unknown
2025-10-24 10:49:51 INFO  [Test worker] o.h.e.t.j.p.i.JtaPlatformInitiator - HHH000489: No JTA platform available (set 'hibernate.transaction.jta.platform' to enable JTA platform integration)
2025-10-24 10:49:51 INFO  [Test worker] o.s.o.j.LocalContainerEntityManagerFactoryBean - Initialized JPA EntityManagerFactory for persistence unit 'default'
2025-10-24 10:49:51 INFO  [Test worker] o.s.d.j.r.query.QueryEnhancerFactory - Hibernate is in classpath; If applicable, HQL parser will be used.
2025-10-24 10:49:51 INFO  [Test worker] e.c.E.web.service.RecipeServiceImpl - ✅ RecipeServiceImpl initialized successfully
2025-10-24 10:49:51 WARN  [Test worker] o.s.b.a.o.j.JpaBaseConfiguration$JpaWebConfiguration - spring.jpa.open-in-view is enabled by default. Therefore, database queries may be performed during view rendering. Explicitly configure spring.jpa.open-in-view to disable this warning
2025-10-24 10:49:51 WARN  [Test worker] o.s.b.a.s.s.UserDetailsServiceAutoConfiguration - 

Using generated security password: 3052912d-8578-4182-9cbc-424377bc3e55

This generated password is for development use only. Your security configuration must be updated before running your application in production.

2025-10-24 10:49:51 INFO  [Test worker] o.s.s.c.a.a.c.InitializeUserDetailsBeanManagerConfigurer$InitializeUserDetailsManagerConfigurer - Global AuthenticationManager configured with UserDetailsService bean with name inMemoryUserDetailsManager
2025-10-24 10:49:51 INFO  [Test worker] o.s.b.a.w.s.WelcomePageHandlerMapping - Adding welcome page template: index
2025-10-24 10:49:52 INFO  [Test worker] e.c.E.web.controller.EatAndShareTest - Started EatAndShareTest in 1.624 seconds (process running for 1.993)
2025-10-24 10:49:52 INFO  [Test worker] o.s.t.c.s.AnnotationConfigContextLoaderUtils - Could not detect default configuration classes for test class [edu.carroll.EatAndShare.web.service.RecipeServiceTest]: RecipeServiceTest does not declare any static, non-private, non-final, nested classes annotated with @Configuration.
2025-10-24 10:49:52 INFO  [Test worker] o.s.b.t.c.SpringBootTestContextBootstrapper - Found @SpringBootConfiguration edu.carroll.EatAndShare.FoodRecipeApplication for test class edu.carroll.EatAndShare.web.service.RecipeServiceTest
2025-10-24 10:49:52 WARN  [Test worker] e.c.E.web.service.RecipeServiceImpl - ⚠️ Category 'Main course' not found — creating it now
2025-10-24 10:49:52 INFO  [Test worker] e.c.E.web.service.RecipeServiceImpl - Saved image for recipe 'Pizza' to /uploads/1761324592339_pizza.jpg
2025-10-24 10:49:52 INFO  [Test worker] e.c.E.web.service.RecipeServiceImpl - Recipe 'Pizza' saved successfully (id=1) under category 'Main course'
2025-10-24 10:49:52 INFO  [Test worker] e.c.E.web.service.RecipeServiceImpl - Linked 2 ingredients to recipe 'Pizza'
2025-10-24 10:49:52 WARN  [Test worker] e.c.E.web.service.RecipeServiceImpl - ⚠️ Category 'Vegan' not found — creating it now
2025-10-24 10:49:52 INFO  [Test worker] e.c.E.web.service.RecipeServiceImpl - Recipe 'Salad Bowl' saved successfully (id=2) under category 'Vegan'
2025-10-24 10:49:52 INFO  [Test worker] e.c.E.web.service.RecipeServiceImpl - Linked 2 ingredients to recipe 'Salad Bowl'
2025-10-24 10:49:52 WARN  [Test worker] e.c.E.web.service.RecipeServiceImpl - ⚠️ Category 'Breakfast' not found — creating it now
2025-10-24 10:49:52 INFO  [Test worker] e.c.E.web.service.RecipeServiceImpl - Recipe 'Omelette' saved successfully (id=3) under category 'Breakfast'
2025-10-24 10:49:52 INFO  [Test worker] e.c.E.web.service.RecipeServiceImpl - Linked 1 ingredients to recipe 'Omelette'
2025-10-24 10:49:52 WARN  [Test worker] e.c.E.web.service.RecipeServiceImpl - ⚠️ Category 'Dessert' not found — creating it now
2025-10-24 10:49:52 INFO  [Test worker] e.c.E.web.service.RecipeServiceImpl - Saved image for recipe 'Chocolate Cake' to /uploads/1761324592372_cake.png
2025-10-24 10:49:52 INFO  [Test worker] e.c.E.web.service.RecipeServiceImpl - Recipe 'Chocolate Cake' saved successfully (id=4) under category 'Dessert'
2025-10-24 10:49:52 INFO  [Test worker] e.c.E.web.service.RecipeServiceImpl - Linked 2 ingredients to recipe 'Chocolate Cake'
2025-10-24 10:49:52 INFO  [Test worker] o.s.t.c.s.AnnotationConfigContextLoaderUtils - Could not detect default configuration classes for test class [edu.carroll.EatAndShare.web.service.UserServiceTest]: UserServiceTest does not declare any static, non-private, non-final, nested classes annotated with @Configuration.
2025-10-24 10:49:52 INFO  [Test worker] o.s.b.t.c.SpringBootTestContextBootstrapper - Found @SpringBootConfiguration edu.carroll.EatAndShare.FoodRecipeApplication for test class edu.carroll.EatAndShare.web.service.UserServiceTest
2025-10-24 10:49:52 INFO  [SpringApplicationShutdownHook] o.s.o.j.LocalContainerEntityManagerFactoryBean - Closing JPA EntityManagerFactory for persistence unit 'default'
2025-10-24 10:49:52 INFO  [SpringApplicationShutdownHook] com.zaxxer.hikari.HikariDataSource - HikariPool-1 - Shutdown initiated...
2025-10-24 10:49:52 INFO  [SpringApplicationShutdownHook] com.zaxxer.hikari.HikariDataSource - HikariPool-1 - Shutdown completed.
2025-10-24 10:51:20 INFO  [Test worker] e.c.E.web.service.UserServiceTest - Starting UserServiceTest using Java 21.0.8 with PID 63012 (started by selin in /Users/selin/cs341/finalProject/EatAndShare)
2025-10-24 10:51:20 INFO  [Test worker] e.c.E.web.service.UserServiceTest - No active profile set, falling back to 1 default profile: "default"
2025-10-24 10:51:21 INFO  [Test worker] o.s.d.r.c.RepositoryConfigurationDelegate - Bootstrapping Spring Data JPA repositories in DEFAULT mode.
2025-10-24 10:51:21 INFO  [Test worker] o.s.d.r.c.RepositoryConfigurationDelegate - Finished Spring Data repository scanning in 19 ms. Found 5 JPA repository interfaces.
2025-10-24 10:51:21 INFO  [Test worker] o.h.jpa.internal.util.LogHelper - HHH000204: Processing PersistenceUnitInfo [name: default]
2025-10-24 10:51:21 INFO  [Test worker] org.hibernate.Version - HHH000412: Hibernate ORM core version 6.6.26.Final
2025-10-24 10:51:21 INFO  [Test worker] o.h.c.i.RegionFactoryInitiator - HHH000026: Second-level cache disabled
2025-10-24 10:51:21 INFO  [Test worker] o.s.o.j.p.SpringPersistenceUnitInfo - No LoadTimeWeaver setup: ignoring JPA class transformer
2025-10-24 10:51:21 INFO  [Test worker] com.zaxxer.hikari.HikariDataSource - HikariPool-1 - Starting...
2025-10-24 10:51:21 INFO  [Test worker] com.zaxxer.hikari.pool.HikariPool - HikariPool-1 - Added connection conn0: url=jdbc:h2:mem:testdb user=SA
2025-10-24 10:51:21 INFO  [Test worker] com.zaxxer.hikari.HikariDataSource - HikariPool-1 - Start completed.
2025-10-24 10:51:21 INFO  [Test worker] o.hibernate.orm.connections.pooling - HHH10001005: Database info:
	Database JDBC URL [Connecting through datasource 'HikariDataSource (HikariPool-1)']
	Database driver: undefined/unknown
	Database version: 2.3.232
	Autocommit mode: undefined/unknown
	Isolation level: undefined/unknown
	Minimum pool size: undefined/unknown
	Maximum pool size: undefined/unknown
2025-10-24 10:51:21 INFO  [Test worker] o.h.e.t.j.p.i.JtaPlatformInitiator - HHH000489: No JTA platform available (set 'hibernate.transaction.jta.platform' to enable JTA platform integration)
2025-10-24 10:51:21 INFO  [Test worker] o.s.o.j.LocalContainerEntityManagerFactoryBean - Initialized JPA EntityManagerFactory for persistence unit 'default'
2025-10-24 10:51:22 INFO  [Test worker] o.s.d.j.r.query.QueryEnhancerFactory - Hibernate is in classpath; If applicable, HQL parser will be used.
2025-10-24 10:51:22 INFO  [Test worker] e.c.E.web.service.RecipeServiceImpl - ✅ RecipeServiceImpl initialized successfully
2025-10-24 10:51:22 WARN  [Test worker] o.s.b.a.o.j.JpaBaseConfiguration$JpaWebConfiguration - spring.jpa.open-in-view is enabled by default. Therefore, database queries may be performed during view rendering. Explicitly configure spring.jpa.open-in-view to disable this warning
2025-10-24 10:51:22 WARN  [Test worker] o.s.b.a.s.s.UserDetailsServiceAutoConfiguration - 

Using generated security password: 0882b58b-c500-43c4-8006-82a95b62e924

This generated password is for development use only. Your security configuration must be updated before running your application in production.

2025-10-24 10:51:22 INFO  [Test worker] o.s.s.c.a.a.c.InitializeUserDetailsBeanManagerConfigurer$InitializeUserDetailsManagerConfigurer - Global AuthenticationManager configured with UserDetailsService bean with name inMemoryUserDetailsManager
2025-10-24 10:51:22 INFO  [Test worker] o.s.b.a.w.s.WelcomePageHandlerMapping - Adding welcome page template: index
2025-10-24 10:51:22 INFO  [Test worker] e.c.E.web.service.UserServiceTest - Started UserServiceTest in 1.767 seconds (process running for 2.127)
2025-10-24 10:51:23 INFO  [SpringApplicationShutdownHook] o.s.o.j.LocalContainerEntityManagerFactoryBean - Closing JPA EntityManagerFactory for persistence unit 'default'
2025-10-24 10:51:23 INFO  [SpringApplicationShutdownHook] com.zaxxer.hikari.HikariDataSource - HikariPool-1 - Shutdown initiated...
2025-10-24 10:51:23 INFO  [SpringApplicationShutdownHook] com.zaxxer.hikari.HikariDataSource - HikariPool-1 - Shutdown completed.
2025-10-24 10:51:34 INFO  [Test worker] e.c.E.web.service.RecipeServiceTest - Starting RecipeServiceTest using Java 21.0.8 with PID 63025 (started by selin in /Users/selin/cs341/finalProject/EatAndShare)
2025-10-24 10:51:34 INFO  [Test worker] e.c.E.web.service.RecipeServiceTest - No active profile set, falling back to 1 default profile: "default"
2025-10-24 10:51:35 INFO  [Test worker] o.s.d.r.c.RepositoryConfigurationDelegate - Bootstrapping Spring Data JPA repositories in DEFAULT mode.
2025-10-24 10:51:35 INFO  [Test worker] o.s.d.r.c.RepositoryConfigurationDelegate - Finished Spring Data repository scanning in 18 ms. Found 5 JPA repository interfaces.
2025-10-24 10:51:35 INFO  [Test worker] o.h.jpa.internal.util.LogHelper - HHH000204: Processing PersistenceUnitInfo [name: default]
2025-10-24 10:51:35 INFO  [Test worker] org.hibernate.Version - HHH000412: Hibernate ORM core version 6.6.26.Final
2025-10-24 10:51:35 INFO  [Test worker] o.h.c.i.RegionFactoryInitiator - HHH000026: Second-level cache disabled
2025-10-24 10:51:35 INFO  [Test worker] o.s.o.j.p.SpringPersistenceUnitInfo - No LoadTimeWeaver setup: ignoring JPA class transformer
2025-10-24 10:51:35 INFO  [Test worker] com.zaxxer.hikari.HikariDataSource - HikariPool-1 - Starting...
2025-10-24 10:51:35 INFO  [Test worker] com.zaxxer.hikari.pool.HikariPool - HikariPool-1 - Added connection conn0: url=jdbc:h2:mem:testdb user=SA
2025-10-24 10:51:35 INFO  [Test worker] com.zaxxer.hikari.HikariDataSource - HikariPool-1 - Start completed.
2025-10-24 10:51:35 INFO  [Test worker] o.hibernate.orm.connections.pooling - HHH10001005: Database info:
	Database JDBC URL [Connecting through datasource 'HikariDataSource (HikariPool-1)']
	Database driver: undefined/unknown
	Database version: 2.3.232
	Autocommit mode: undefined/unknown
	Isolation level: undefined/unknown
	Minimum pool size: undefined/unknown
	Maximum pool size: undefined/unknown
2025-10-24 10:51:35 INFO  [Test worker] o.h.e.t.j.p.i.JtaPlatformInitiator - HHH000489: No JTA platform available (set 'hibernate.transaction.jta.platform' to enable JTA platform integration)
2025-10-24 10:51:35 INFO  [Test worker] o.s.o.j.LocalContainerEntityManagerFactoryBean - Initialized JPA EntityManagerFactory for persistence unit 'default'
2025-10-24 10:51:35 INFO  [Test worker] o.s.d.j.r.query.QueryEnhancerFactory - Hibernate is in classpath; If applicable, HQL parser will be used.
2025-10-24 10:51:36 INFO  [Test worker] e.c.E.web.service.RecipeServiceImpl - ✅ RecipeServiceImpl initialized successfully
2025-10-24 10:51:36 WARN  [Test worker] o.s.b.a.o.j.JpaBaseConfiguration$JpaWebConfiguration - spring.jpa.open-in-view is enabled by default. Therefore, database queries may be performed during view rendering. Explicitly configure spring.jpa.open-in-view to disable this warning
2025-10-24 10:51:36 WARN  [Test worker] o.s.b.a.s.s.UserDetailsServiceAutoConfiguration - 

Using generated security password: 70fc2ab7-e778-47f5-94cf-cdc0a2a90759

This generated password is for development use only. Your security configuration must be updated before running your application in production.

2025-10-24 10:51:36 INFO  [Test worker] o.s.s.c.a.a.c.InitializeUserDetailsBeanManagerConfigurer$InitializeUserDetailsManagerConfigurer - Global AuthenticationManager configured with UserDetailsService bean with name inMemoryUserDetailsManager
2025-10-24 10:51:36 INFO  [Test worker] o.s.b.a.w.s.WelcomePageHandlerMapping - Adding welcome page template: index
2025-10-24 10:51:36 INFO  [Test worker] e.c.E.web.service.RecipeServiceTest - Started RecipeServiceTest in 1.664 seconds (process running for 1.988)
2025-10-24 10:51:36 WARN  [Test worker] e.c.E.web.service.RecipeServiceImpl - ⚠️ Category 'Main course' not found — creating it now
2025-10-24 10:51:36 INFO  [Test worker] e.c.E.web.service.RecipeServiceImpl - Saved image for recipe 'Pizza' to /uploads/1761324696754_pizza.jpg
2025-10-24 10:51:36 INFO  [Test worker] e.c.E.web.service.RecipeServiceImpl - Recipe 'Pizza' saved successfully (id=1) under category 'Main course'
2025-10-24 10:51:36 INFO  [Test worker] e.c.E.web.service.RecipeServiceImpl - Linked 2 ingredients to recipe 'Pizza'
2025-10-24 10:51:36 WARN  [Test worker] e.c.E.web.service.RecipeServiceImpl - ⚠️ Category 'Vegan' not found — creating it now
2025-10-24 10:51:36 INFO  [Test worker] e.c.E.web.service.RecipeServiceImpl - Recipe 'Salad Bowl' saved successfully (id=2) under category 'Vegan'
2025-10-24 10:51:36 INFO  [Test worker] e.c.E.web.service.RecipeServiceImpl - Linked 2 ingredients to recipe 'Salad Bowl'
2025-10-24 10:51:36 WARN  [Test worker] e.c.E.web.service.RecipeServiceImpl - ⚠️ Category 'Breakfast' not found — creating it now
2025-10-24 10:51:36 INFO  [Test worker] e.c.E.web.service.RecipeServiceImpl - Recipe 'Omelette' saved successfully (id=3) under category 'Breakfast'
2025-10-24 10:51:36 INFO  [Test worker] e.c.E.web.service.RecipeServiceImpl - Linked 1 ingredients to recipe 'Omelette'
2025-10-24 10:51:36 WARN  [Test worker] e.c.E.web.service.RecipeServiceImpl - ⚠️ Category 'Dessert' not found — creating it now
2025-10-24 10:51:36 INFO  [Test worker] e.c.E.web.service.RecipeServiceImpl - Saved image for recipe 'Chocolate Cake' to /uploads/1761324696805_cake.png
2025-10-24 10:51:36 INFO  [Test worker] e.c.E.web.service.RecipeServiceImpl - Recipe 'Chocolate Cake' saved successfully (id=4) under category 'Dessert'
2025-10-24 10:51:36 INFO  [Test worker] e.c.E.web.service.RecipeServiceImpl - Linked 2 ingredients to recipe 'Chocolate Cake'
2025-10-24 10:51:36 INFO  [SpringApplicationShutdownHook] o.s.o.j.LocalContainerEntityManagerFactoryBean - Closing JPA EntityManagerFactory for persistence unit 'default'
2025-10-24 10:51:36 INFO  [SpringApplicationShutdownHook] com.zaxxer.hikari.HikariDataSource - HikariPool-1 - Shutdown initiated...
2025-10-24 10:51:36 INFO  [SpringApplicationShutdownHook] com.zaxxer.hikari.HikariDataSource - HikariPool-1 - Shutdown completed.
2025-10-24 10:53:21 INFO  [Test worker] e.c.E.web.controller.EatAndShareTest - Starting EatAndShareTest using Java 21.0.8 with PID 63070 (started by selin in /Users/selin/cs341/finalProject/EatAndShare)
2025-10-24 10:53:21 INFO  [Test worker] e.c.E.web.controller.EatAndShareTest - No active profile set, falling back to 1 default profile: "default"
2025-10-24 10:53:21 INFO  [Test worker] o.s.d.r.c.RepositoryConfigurationDelegate - Bootstrapping Spring Data JPA repositories in DEFAULT mode.
2025-10-24 10:53:21 INFO  [Test worker] o.s.d.r.c.RepositoryConfigurationDelegate - Finished Spring Data repository scanning in 16 ms. Found 5 JPA repository interfaces.
2025-10-24 10:53:21 INFO  [Test worker] o.h.jpa.internal.util.LogHelper - HHH000204: Processing PersistenceUnitInfo [name: default]
2025-10-24 10:53:21 INFO  [Test worker] org.hibernate.Version - HHH000412: Hibernate ORM core version 6.6.26.Final
2025-10-24 10:53:21 INFO  [Test worker] o.h.c.i.RegionFactoryInitiator - HHH000026: Second-level cache disabled
2025-10-24 10:53:21 INFO  [Test worker] o.s.o.j.p.SpringPersistenceUnitInfo - No LoadTimeWeaver setup: ignoring JPA class transformer
2025-10-24 10:53:21 INFO  [Test worker] com.zaxxer.hikari.HikariDataSource - HikariPool-1 - Starting...
2025-10-24 10:53:21 INFO  [Test worker] com.zaxxer.hikari.pool.HikariPool - HikariPool-1 - Added connection conn0: url=jdbc:h2:mem:testdb user=SA
2025-10-24 10:53:21 INFO  [Test worker] com.zaxxer.hikari.HikariDataSource - HikariPool-1 - Start completed.
2025-10-24 10:53:22 INFO  [Test worker] o.hibernate.orm.connections.pooling - HHH10001005: Database info:
	Database JDBC URL [Connecting through datasource 'HikariDataSource (HikariPool-1)']
	Database driver: undefined/unknown
	Database version: 2.3.232
	Autocommit mode: undefined/unknown
	Isolation level: undefined/unknown
	Minimum pool size: undefined/unknown
	Maximum pool size: undefined/unknown
2025-10-24 10:53:22 INFO  [Test worker] o.h.e.t.j.p.i.JtaPlatformInitiator - HHH000489: No JTA platform available (set 'hibernate.transaction.jta.platform' to enable JTA platform integration)
2025-10-24 10:53:22 INFO  [Test worker] o.s.o.j.LocalContainerEntityManagerFactoryBean - Initialized JPA EntityManagerFactory for persistence unit 'default'
2025-10-24 10:53:22 INFO  [Test worker] o.s.d.j.r.query.QueryEnhancerFactory - Hibernate is in classpath; If applicable, HQL parser will be used.
2025-10-24 10:53:22 INFO  [Test worker] e.c.E.web.service.RecipeServiceImpl - ✅ RecipeServiceImpl initialized successfully
2025-10-24 10:53:22 WARN  [Test worker] o.s.b.a.o.j.JpaBaseConfiguration$JpaWebConfiguration - spring.jpa.open-in-view is enabled by default. Therefore, database queries may be performed during view rendering. Explicitly configure spring.jpa.open-in-view to disable this warning
2025-10-24 10:53:22 WARN  [Test worker] o.s.b.a.s.s.UserDetailsServiceAutoConfiguration - 

Using generated security password: 211764f2-5c94-44cb-8df9-df559e9eff17

This generated password is for development use only. Your security configuration must be updated before running your application in production.

2025-10-24 10:53:22 INFO  [Test worker] o.s.s.c.a.a.c.InitializeUserDetailsBeanManagerConfigurer$InitializeUserDetailsManagerConfigurer - Global AuthenticationManager configured with UserDetailsService bean with name inMemoryUserDetailsManager
2025-10-24 10:53:22 INFO  [Test worker] o.s.b.a.w.s.WelcomePageHandlerMapping - Adding welcome page template: index
2025-10-24 10:53:23 INFO  [Test worker] e.c.E.web.controller.EatAndShareTest - Started EatAndShareTest in 1.741 seconds (process running for 2.143)
2025-10-24 10:53:23 INFO  [Test worker] o.s.t.c.s.AnnotationConfigContextLoaderUtils - Could not detect default configuration classes for test class [edu.carroll.EatAndShare.web.service.RecipeServiceTest]: RecipeServiceTest does not declare any static, non-private, non-final, nested classes annotated with @Configuration.
2025-10-24 10:53:23 INFO  [Test worker] o.s.b.t.c.SpringBootTestContextBootstrapper - Found @SpringBootConfiguration edu.carroll.EatAndShare.FoodRecipeApplication for test class edu.carroll.EatAndShare.web.service.RecipeServiceTest
2025-10-24 10:53:23 WARN  [Test worker] e.c.E.web.service.RecipeServiceImpl - ⚠️ Category 'Main course' not found — creating it now
2025-10-24 10:53:23 INFO  [Test worker] e.c.E.web.service.RecipeServiceImpl - Saved image for recipe 'Pizza' to /uploads/1761324803357_pizza.jpg
2025-10-24 10:53:23 INFO  [Test worker] e.c.E.web.service.RecipeServiceImpl - Recipe 'Pizza' saved successfully (id=1) under category 'Main course'
2025-10-24 10:53:23 INFO  [Test worker] e.c.E.web.service.RecipeServiceImpl - Linked 2 ingredients to recipe 'Pizza'
2025-10-24 10:53:23 WARN  [Test worker] e.c.E.web.service.RecipeServiceImpl - ⚠️ Category 'Vegan' not found — creating it now
2025-10-24 10:53:23 INFO  [Test worker] e.c.E.web.service.RecipeServiceImpl - Recipe 'Salad Bowl' saved successfully (id=2) under category 'Vegan'
2025-10-24 10:53:23 INFO  [Test worker] e.c.E.web.service.RecipeServiceImpl - Linked 2 ingredients to recipe 'Salad Bowl'
2025-10-24 10:53:23 WARN  [Test worker] e.c.E.web.service.RecipeServiceImpl - ⚠️ Category 'Breakfast' not found — creating it now
2025-10-24 10:53:23 INFO  [Test worker] e.c.E.web.service.RecipeServiceImpl - Recipe 'Omelette' saved successfully (id=3) under category 'Breakfast'
2025-10-24 10:53:23 INFO  [Test worker] e.c.E.web.service.RecipeServiceImpl - Linked 1 ingredients to recipe 'Omelette'
2025-10-24 10:53:23 WARN  [Test worker] e.c.E.web.service.RecipeServiceImpl - ⚠️ Category 'Dessert' not found — creating it now
2025-10-24 10:53:23 INFO  [Test worker] e.c.E.web.service.RecipeServiceImpl - Saved image for recipe 'Chocolate Cake' to /uploads/1761324803397_cake.png
2025-10-24 10:53:23 INFO  [Test worker] e.c.E.web.service.RecipeServiceImpl - Recipe 'Chocolate Cake' saved successfully (id=4) under category 'Dessert'
2025-10-24 10:53:23 INFO  [Test worker] e.c.E.web.service.RecipeServiceImpl - Linked 2 ingredients to recipe 'Chocolate Cake'
2025-10-24 10:53:23 INFO  [Test worker] o.s.t.c.s.AnnotationConfigContextLoaderUtils - Could not detect default configuration classes for test class [edu.carroll.EatAndShare.web.service.UserServiceTest]: UserServiceTest does not declare any static, non-private, non-final, nested classes annotated with @Configuration.
2025-10-24 10:53:23 INFO  [Test worker] o.s.b.t.c.SpringBootTestContextBootstrapper - Found @SpringBootConfiguration edu.carroll.EatAndShare.FoodRecipeApplication for test class edu.carroll.EatAndShare.web.service.UserServiceTest
2025-10-24 10:53:24 INFO  [SpringApplicationShutdownHook] o.s.o.j.LocalContainerEntityManagerFactoryBean - Closing JPA EntityManagerFactory for persistence unit 'default'
2025-10-24 10:53:24 INFO  [SpringApplicationShutdownHook] com.zaxxer.hikari.HikariDataSource - HikariPool-1 - Shutdown initiated...
2025-10-24 10:53:24 INFO  [SpringApplicationShutdownHook] com.zaxxer.hikari.HikariDataSource - HikariPool-1 - Shutdown completed.
2025-10-24 10:55:55 INFO  [Test worker] e.c.E.web.controller.EatAndShareTest - Starting EatAndShareTest using Java 21.0.8 with PID 63169 (started by selin in /Users/selin/cs341/finalProject/EatAndShare)
2025-10-24 10:55:55 INFO  [Test worker] e.c.E.web.controller.EatAndShareTest - No active profile set, falling back to 1 default profile: "default"
2025-10-24 10:55:55 INFO  [Test worker] o.s.d.r.c.RepositoryConfigurationDelegate - Bootstrapping Spring Data JPA repositories in DEFAULT mode.
2025-10-24 10:55:55 INFO  [Test worker] o.s.d.r.c.RepositoryConfigurationDelegate - Finished Spring Data repository scanning in 18 ms. Found 5 JPA repository interfaces.
2025-10-24 10:55:55 INFO  [Test worker] o.h.jpa.internal.util.LogHelper - HHH000204: Processing PersistenceUnitInfo [name: default]
2025-10-24 10:55:55 INFO  [Test worker] org.hibernate.Version - HHH000412: Hibernate ORM core version 6.6.26.Final
2025-10-24 10:55:55 INFO  [Test worker] o.h.c.i.RegionFactoryInitiator - HHH000026: Second-level cache disabled
2025-10-24 10:55:55 INFO  [Test worker] o.s.o.j.p.SpringPersistenceUnitInfo - No LoadTimeWeaver setup: ignoring JPA class transformer
2025-10-24 10:55:56 INFO  [Test worker] com.zaxxer.hikari.HikariDataSource - HikariPool-1 - Starting...
2025-10-24 10:55:56 INFO  [Test worker] com.zaxxer.hikari.pool.HikariPool - HikariPool-1 - Added connection conn0: url=jdbc:h2:mem:testdb user=SA
2025-10-24 10:55:56 INFO  [Test worker] com.zaxxer.hikari.HikariDataSource - HikariPool-1 - Start completed.
2025-10-24 10:55:56 INFO  [Test worker] o.hibernate.orm.connections.pooling - HHH10001005: Database info:
	Database JDBC URL [Connecting through datasource 'HikariDataSource (HikariPool-1)']
	Database driver: undefined/unknown
	Database version: 2.3.232
	Autocommit mode: undefined/unknown
	Isolation level: undefined/unknown
	Minimum pool size: undefined/unknown
	Maximum pool size: undefined/unknown
2025-10-24 10:55:56 INFO  [Test worker] o.h.e.t.j.p.i.JtaPlatformInitiator - HHH000489: No JTA platform available (set 'hibernate.transaction.jta.platform' to enable JTA platform integration)
2025-10-24 10:55:56 INFO  [Test worker] o.s.o.j.LocalContainerEntityManagerFactoryBean - Initialized JPA EntityManagerFactory for persistence unit 'default'
2025-10-24 10:55:56 INFO  [Test worker] o.s.d.j.r.query.QueryEnhancerFactory - Hibernate is in classpath; If applicable, HQL parser will be used.
2025-10-24 10:55:57 INFO  [Test worker] e.c.E.web.service.RecipeServiceImpl - ✅ RecipeServiceImpl initialized successfully
2025-10-24 10:55:57 WARN  [Test worker] o.s.b.a.o.j.JpaBaseConfiguration$JpaWebConfiguration - spring.jpa.open-in-view is enabled by default. Therefore, database queries may be performed during view rendering. Explicitly configure spring.jpa.open-in-view to disable this warning
2025-10-24 10:55:57 WARN  [Test worker] o.s.b.a.s.s.UserDetailsServiceAutoConfiguration - 

Using generated security password: bb6bfa41-e59e-4d25-a47f-fdb40186269b

This generated password is for development use only. Your security configuration must be updated before running your application in production.

2025-10-24 10:55:57 INFO  [Test worker] o.s.s.c.a.a.c.InitializeUserDetailsBeanManagerConfigurer$InitializeUserDetailsManagerConfigurer - Global AuthenticationManager configured with UserDetailsService bean with name inMemoryUserDetailsManager
2025-10-24 10:55:57 INFO  [Test worker] o.s.b.a.w.s.WelcomePageHandlerMapping - Adding welcome page template: index
2025-10-24 10:55:57 INFO  [Test worker] e.c.E.web.controller.EatAndShareTest - Started EatAndShareTest in 1.89 seconds (process running for 2.258)
2025-10-24 10:55:57 INFO  [Test worker] o.s.t.c.s.AnnotationConfigContextLoaderUtils - Could not detect default configuration classes for test class [edu.carroll.EatAndShare.web.service.RecipeServiceTest]: RecipeServiceTest does not declare any static, non-private, non-final, nested classes annotated with @Configuration.
2025-10-24 10:55:57 INFO  [Test worker] o.s.b.t.c.SpringBootTestContextBootstrapper - Found @SpringBootConfiguration edu.carroll.EatAndShare.FoodRecipeApplication for test class edu.carroll.EatAndShare.web.service.RecipeServiceTest
2025-10-24 10:55:57 WARN  [Test worker] e.c.E.web.service.RecipeServiceImpl - ⚠️ Category 'Main course' not found — creating it now
2025-10-24 10:55:57 INFO  [Test worker] e.c.E.web.service.RecipeServiceImpl - Saved image for recipe 'Pizza' to /uploads/1761324957579_pizza.jpg
2025-10-24 10:55:57 INFO  [Test worker] e.c.E.web.service.RecipeServiceImpl - Recipe 'Pizza' saved successfully (id=1) under category 'Main course'
2025-10-24 10:55:57 INFO  [Test worker] e.c.E.web.service.RecipeServiceImpl - Linked 2 ingredients to recipe 'Pizza'
2025-10-24 10:55:57 WARN  [Test worker] e.c.E.web.service.RecipeServiceImpl - ⚠️ Category 'Vegan' not found — creating it now
2025-10-24 10:55:57 INFO  [Test worker] e.c.E.web.service.RecipeServiceImpl - Recipe 'Salad Bowl' saved successfully (id=2) under category 'Vegan'
2025-10-24 10:55:57 INFO  [Test worker] e.c.E.web.service.RecipeServiceImpl - Linked 2 ingredients to recipe 'Salad Bowl'
2025-10-24 10:55:57 WARN  [Test worker] e.c.E.web.service.RecipeServiceImpl - ⚠️ Category 'Breakfast' not found — creating it now
2025-10-24 10:55:57 INFO  [Test worker] e.c.E.web.service.RecipeServiceImpl - Recipe 'Omelette' saved successfully (id=3) under category 'Breakfast'
2025-10-24 10:55:57 INFO  [Test worker] e.c.E.web.service.RecipeServiceImpl - Linked 1 ingredients to recipe 'Omelette'
2025-10-24 10:55:57 WARN  [Test worker] e.c.E.web.service.RecipeServiceImpl - ⚠️ Category 'Dessert' not found — creating it now
2025-10-24 10:55:57 INFO  [Test worker] e.c.E.web.service.RecipeServiceImpl - Saved image for recipe 'Chocolate Cake' to /uploads/1761324957611_cake.png
2025-10-24 10:55:57 INFO  [Test worker] e.c.E.web.service.RecipeServiceImpl - Recipe 'Chocolate Cake' saved successfully (id=4) under category 'Dessert'
2025-10-24 10:55:57 INFO  [Test worker] e.c.E.web.service.RecipeServiceImpl - Linked 2 ingredients to recipe 'Chocolate Cake'
2025-10-24 10:55:57 INFO  [Test worker] o.s.t.c.s.AnnotationConfigContextLoaderUtils - Could not detect default configuration classes for test class [edu.carroll.EatAndShare.web.service.UserServiceTest]: UserServiceTest does not declare any static, non-private, non-final, nested classes annotated with @Configuration.
2025-10-24 10:55:57 INFO  [Test worker] o.s.b.t.c.SpringBootTestContextBootstrapper - Found @SpringBootConfiguration edu.carroll.EatAndShare.FoodRecipeApplication for test class edu.carroll.EatAndShare.web.service.UserServiceTest
2025-10-24 10:55:58 INFO  [SpringApplicationShutdownHook] o.s.o.j.LocalContainerEntityManagerFactoryBean - Closing JPA EntityManagerFactory for persistence unit 'default'
2025-10-24 10:55:58 INFO  [SpringApplicationShutdownHook] com.zaxxer.hikari.HikariDataSource - HikariPool-1 - Shutdown initiated...
2025-10-24 10:55:58 INFO  [SpringApplicationShutdownHook] com.zaxxer.hikari.HikariDataSource - HikariPool-1 - Shutdown completed.
