2025-10-20 12:23:34 INFO  [Test worker] e.c.E.web.controller.EatAndShareTest - Starting EatAndShareTest using Java 21.0.8 with PID 14329 (started by dre in /home/dre/cs_341/finalproject)
2025-10-20 12:23:34 INFO  [Test worker] e.c.E.web.controller.EatAndShareTest - No active profile set, falling back to 1 default profile: "default"
2025-10-20 12:23:35 INFO  [Test worker] o.s.d.r.c.RepositoryConfigurationDelegate - Bootstrapping Spring Data JPA repositories in DEFAULT mode.
2025-10-20 12:23:35 INFO  [Test worker] o.s.d.r.c.RepositoryConfigurationDelegate - Finished Spring Data repository scanning in 82 ms. Found 5 JPA repository interfaces.
2025-10-20 12:23:35 INFO  [Test worker] o.h.jpa.internal.util.LogHelper - HHH000204: Processing PersistenceUnitInfo [name: default]
2025-10-20 12:23:36 INFO  [Test worker] org.hibernate.Version - HHH000412: Hibernate ORM core version 6.6.26.Final
2025-10-20 12:23:36 INFO  [Test worker] o.h.c.i.RegionFactoryInitiator - HHH000026: Second-level cache disabled
2025-10-20 12:23:36 INFO  [Test worker] o.s.o.j.p.SpringPersistenceUnitInfo - No LoadTimeWeaver setup: ignoring JPA class transformer
2025-10-20 12:23:36 INFO  [Test worker] com.zaxxer.hikari.HikariDataSource - HikariPool-1 - Starting...
2025-10-20 12:23:37 INFO  [Test worker] com.zaxxer.hikari.pool.HikariPool - HikariPool-1 - Added connection com.mysql.cj.jdbc.ConnectionImpl@24954e82
2025-10-20 12:23:37 INFO  [Test worker] com.zaxxer.hikari.HikariDataSource - HikariPool-1 - Start completed.
2025-10-20 12:23:37 WARN  [Test worker] org.hibernate.orm.deprecation - HHH90000025: MySQL8Dialect does not need to be specified explicitly using 'hibernate.dialect' (remove the property setting and it will be selected by default)
2025-10-20 12:23:37 WARN  [Test worker] org.hibernate.orm.deprecation - HHH90000026: MySQL8Dialect has been deprecated; use org.hibernate.dialect.MySQLDialect instead
2025-10-20 12:23:37 INFO  [Test worker] o.hibernate.orm.connections.pooling - HHH10001005: Database info:
	Database JDBC URL [Connecting through datasource 'HikariDataSource (HikariPool-1)']
	Database driver: undefined/unknown
	Database version: 8.0
	Autocommit mode: undefined/unknown
	Isolation level: undefined/unknown
	Minimum pool size: undefined/unknown
	Maximum pool size: undefined/unknown
2025-10-20 12:23:38 INFO  [Test worker] o.h.e.t.j.p.i.JtaPlatformInitiator - HHH000489: No JTA platform available (set 'hibernate.transaction.jta.platform' to enable JTA platform integration)
2025-10-20 12:23:38 INFO  [Test worker] o.s.o.j.LocalContainerEntityManagerFactoryBean - Initialized JPA EntityManagerFactory for persistence unit 'default'
2025-10-20 12:23:39 WARN  [Test worker] o.s.b.a.o.j.JpaBaseConfiguration$JpaWebConfiguration - spring.jpa.open-in-view is enabled by default. Therefore, database queries may be performed during view rendering. Explicitly configure spring.jpa.open-in-view to disable this warning
2025-10-20 12:23:39 WARN  [Test worker] o.s.b.a.s.s.UserDetailsServiceAutoConfiguration - 

Using generated security password: c5cd5ac1-c419-46c8-93c5-cffa16233998

This generated password is for development use only. Your security configuration must be updated before running your application in production.

2025-10-20 12:23:39 INFO  [Test worker] o.s.s.c.a.a.c.InitializeUserDetailsBeanManagerConfigurer$InitializeUserDetailsManagerConfigurer - Global AuthenticationManager configured with UserDetailsService bean with name inMemoryUserDetailsManager
2025-10-20 12:23:39 INFO  [Test worker] o.s.b.a.w.s.WelcomePageHandlerMapping - Adding welcome page template: index
2025-10-20 12:23:40 INFO  [Test worker] e.c.E.web.controller.EatAndShareTest - Started EatAndShareTest in 7.0 seconds (process running for 8.782)
2025-10-20 12:23:40 INFO  [Test worker] o.s.t.c.s.AnnotationConfigContextLoaderUtils - Could not detect default configuration classes for test class [edu.carroll.EatAndShare.web.service.UserServiceTest]: UserServiceTest does not declare any static, non-private, non-final, nested classes annotated with @Configuration.
2025-10-20 12:23:41 INFO  [Test worker] o.s.b.t.c.SpringBootTestContextBootstrapper - Found @SpringBootConfiguration edu.carroll.EatAndShare.FoodRecipeApplication for test class edu.carroll.EatAndShare.web.service.UserServiceTest
2025-10-20 12:23:41 INFO  [SpringApplicationShutdownHook] o.s.o.j.LocalContainerEntityManagerFactoryBean - Closing JPA EntityManagerFactory for persistence unit 'default'
2025-10-20 12:23:41 INFO  [SpringApplicationShutdownHook] com.zaxxer.hikari.HikariDataSource - HikariPool-1 - Shutdown initiated...
2025-10-20 12:23:41 INFO  [SpringApplicationShutdownHook] com.zaxxer.hikari.HikariDataSource - HikariPool-1 - Shutdown completed.
2025-10-20 12:32:34 INFO  [Test worker] e.c.E.web.controller.EatAndShareTest - Starting EatAndShareTest using Java 21.0.8 with PID 15035 (started by dre in /home/dre/cs_341/finalproject)
2025-10-20 12:32:34 INFO  [Test worker] e.c.E.web.controller.EatAndShareTest - No active profile set, falling back to 1 default profile: "default"
2025-10-20 12:32:35 INFO  [Test worker] o.s.d.r.c.RepositoryConfigurationDelegate - Bootstrapping Spring Data JPA repositories in DEFAULT mode.
2025-10-20 12:32:35 INFO  [Test worker] o.s.d.r.c.RepositoryConfigurationDelegate - Finished Spring Data repository scanning in 87 ms. Found 5 JPA repository interfaces.
2025-10-20 12:32:36 INFO  [Test worker] o.h.jpa.internal.util.LogHelper - HHH000204: Processing PersistenceUnitInfo [name: default]
2025-10-20 12:32:36 INFO  [Test worker] org.hibernate.Version - HHH000412: Hibernate ORM core version 6.6.26.Final
2025-10-20 12:32:36 INFO  [Test worker] o.h.c.i.RegionFactoryInitiator - HHH000026: Second-level cache disabled
2025-10-20 12:32:36 INFO  [Test worker] o.s.o.j.p.SpringPersistenceUnitInfo - No LoadTimeWeaver setup: ignoring JPA class transformer
2025-10-20 12:32:36 INFO  [Test worker] com.zaxxer.hikari.HikariDataSource - HikariPool-1 - Starting...
2025-10-20 12:32:37 INFO  [Test worker] com.zaxxer.hikari.pool.HikariPool - HikariPool-1 - Added connection com.mysql.cj.jdbc.ConnectionImpl@22f80e36
2025-10-20 12:32:37 INFO  [Test worker] com.zaxxer.hikari.HikariDataSource - HikariPool-1 - Start completed.
2025-10-20 12:32:37 WARN  [Test worker] org.hibernate.orm.deprecation - HHH90000025: MySQL8Dialect does not need to be specified explicitly using 'hibernate.dialect' (remove the property setting and it will be selected by default)
2025-10-20 12:32:37 WARN  [Test worker] org.hibernate.orm.deprecation - HHH90000026: MySQL8Dialect has been deprecated; use org.hibernate.dialect.MySQLDialect instead
2025-10-20 12:32:37 INFO  [Test worker] o.hibernate.orm.connections.pooling - HHH10001005: Database info:
	Database JDBC URL [Connecting through datasource 'HikariDataSource (HikariPool-1)']
	Database driver: undefined/unknown
	Database version: 8.0
	Autocommit mode: undefined/unknown
	Isolation level: undefined/unknown
	Minimum pool size: undefined/unknown
	Maximum pool size: undefined/unknown
2025-10-20 12:32:39 INFO  [Test worker] o.h.e.t.j.p.i.JtaPlatformInitiator - HHH000489: No JTA platform available (set 'hibernate.transaction.jta.platform' to enable JTA platform integration)
2025-10-20 12:32:39 INFO  [Test worker] o.s.o.j.LocalContainerEntityManagerFactoryBean - Initialized JPA EntityManagerFactory for persistence unit 'default'
2025-10-20 12:32:39 WARN  [Test worker] o.s.b.a.o.j.JpaBaseConfiguration$JpaWebConfiguration - spring.jpa.open-in-view is enabled by default. Therefore, database queries may be performed during view rendering. Explicitly configure spring.jpa.open-in-view to disable this warning
2025-10-20 12:32:39 WARN  [Test worker] o.s.b.a.s.s.UserDetailsServiceAutoConfiguration - 

Using generated security password: 5cec52bd-4bfe-4de9-9320-ae5a37cc8c86

This generated password is for development use only. Your security configuration must be updated before running your application in production.

2025-10-20 12:32:40 INFO  [Test worker] o.s.s.c.a.a.c.InitializeUserDetailsBeanManagerConfigurer$InitializeUserDetailsManagerConfigurer - Global AuthenticationManager configured with UserDetailsService bean with name inMemoryUserDetailsManager
2025-10-20 12:32:40 INFO  [Test worker] o.s.b.a.w.s.WelcomePageHandlerMapping - Adding welcome page template: index
2025-10-20 12:32:41 INFO  [Test worker] e.c.E.web.controller.EatAndShareTest - Started EatAndShareTest in 7.435 seconds (process running for 9.03)
2025-10-20 12:32:41 INFO  [SpringApplicationShutdownHook] o.s.o.j.LocalContainerEntityManagerFactoryBean - Closing JPA EntityManagerFactory for persistence unit 'default'
2025-10-20 12:32:41 INFO  [SpringApplicationShutdownHook] com.zaxxer.hikari.HikariDataSource - HikariPool-1 - Shutdown initiated...
2025-10-20 12:32:41 INFO  [SpringApplicationShutdownHook] com.zaxxer.hikari.HikariDataSource - HikariPool-1 - Shutdown completed.
2025-10-20 12:35:26 INFO  [Test worker] e.c.E.web.controller.EatAndShareTest - Starting EatAndShareTest using Java 21.0.8 with PID 15471 (started by dre in /home/dre/cs_341/finalproject)
2025-10-20 12:35:26 INFO  [Test worker] e.c.E.web.controller.EatAndShareTest - No active profile set, falling back to 1 default profile: "default"
2025-10-20 12:35:27 INFO  [Test worker] o.s.d.r.c.RepositoryConfigurationDelegate - Bootstrapping Spring Data JPA repositories in DEFAULT mode.
2025-10-20 12:35:27 INFO  [Test worker] o.s.d.r.c.RepositoryConfigurationDelegate - Finished Spring Data repository scanning in 79 ms. Found 5 JPA repository interfaces.
2025-10-20 12:35:28 INFO  [Test worker] o.h.jpa.internal.util.LogHelper - HHH000204: Processing PersistenceUnitInfo [name: default]
2025-10-20 12:35:28 INFO  [Test worker] org.hibernate.Version - HHH000412: Hibernate ORM core version 6.6.26.Final
2025-10-20 12:35:28 INFO  [Test worker] o.h.c.i.RegionFactoryInitiator - HHH000026: Second-level cache disabled
2025-10-20 12:35:29 INFO  [Test worker] o.s.o.j.p.SpringPersistenceUnitInfo - No LoadTimeWeaver setup: ignoring JPA class transformer
2025-10-20 12:35:29 INFO  [Test worker] com.zaxxer.hikari.HikariDataSource - HikariPool-1 - Starting...
2025-10-20 12:35:29 INFO  [Test worker] com.zaxxer.hikari.pool.HikariPool - HikariPool-1 - Added connection com.mysql.cj.jdbc.ConnectionImpl@51c008fd
2025-10-20 12:35:29 INFO  [Test worker] com.zaxxer.hikari.HikariDataSource - HikariPool-1 - Start completed.
2025-10-20 12:35:29 WARN  [Test worker] org.hibernate.orm.deprecation - HHH90000025: MySQL8Dialect does not need to be specified explicitly using 'hibernate.dialect' (remove the property setting and it will be selected by default)
2025-10-20 12:35:29 WARN  [Test worker] org.hibernate.orm.deprecation - HHH90000026: MySQL8Dialect has been deprecated; use org.hibernate.dialect.MySQLDialect instead
2025-10-20 12:35:29 INFO  [Test worker] o.hibernate.orm.connections.pooling - HHH10001005: Database info:
	Database JDBC URL [Connecting through datasource 'HikariDataSource (HikariPool-1)']
	Database driver: undefined/unknown
	Database version: 8.0
	Autocommit mode: undefined/unknown
	Isolation level: undefined/unknown
	Minimum pool size: undefined/unknown
	Maximum pool size: undefined/unknown
2025-10-20 12:35:31 INFO  [Test worker] o.h.e.t.j.p.i.JtaPlatformInitiator - HHH000489: No JTA platform available (set 'hibernate.transaction.jta.platform' to enable JTA platform integration)
2025-10-20 12:35:31 INFO  [Test worker] o.s.o.j.LocalContainerEntityManagerFactoryBean - Initialized JPA EntityManagerFactory for persistence unit 'default'
2025-10-20 12:35:31 WARN  [Test worker] o.s.b.a.o.j.JpaBaseConfiguration$JpaWebConfiguration - spring.jpa.open-in-view is enabled by default. Therefore, database queries may be performed during view rendering. Explicitly configure spring.jpa.open-in-view to disable this warning
2025-10-20 12:35:31 WARN  [Test worker] o.s.b.a.s.s.UserDetailsServiceAutoConfiguration - 

Using generated security password: 4c399a04-9035-4621-b9b0-953a2a0df36c

This generated password is for development use only. Your security configuration must be updated before running your application in production.

2025-10-20 12:35:31 INFO  [Test worker] o.s.s.c.a.a.c.InitializeUserDetailsBeanManagerConfigurer$InitializeUserDetailsManagerConfigurer - Global AuthenticationManager configured with UserDetailsService bean with name inMemoryUserDetailsManager
2025-10-20 12:35:32 INFO  [Test worker] o.s.b.a.w.s.WelcomePageHandlerMapping - Adding welcome page template: index
2025-10-20 12:35:32 INFO  [Test worker] e.c.E.web.controller.EatAndShareTest - Started EatAndShareTest in 6.663 seconds (process running for 8.559)
2025-10-20 12:35:34 INFO  [SpringApplicationShutdownHook] o.s.o.j.LocalContainerEntityManagerFactoryBean - Closing JPA EntityManagerFactory for persistence unit 'default'
2025-10-20 12:35:34 INFO  [SpringApplicationShutdownHook] com.zaxxer.hikari.HikariDataSource - HikariPool-1 - Shutdown initiated...
2025-10-20 12:35:34 INFO  [SpringApplicationShutdownHook] com.zaxxer.hikari.HikariDataSource - HikariPool-1 - Shutdown completed.
2025-10-20 12:36:56 INFO  [Test worker] e.c.E.web.controller.EatAndShareTest - Starting EatAndShareTest using Java 21.0.8 with PID 15862 (started by dre in /home/dre/cs_341/finalproject)
2025-10-20 12:36:56 INFO  [Test worker] e.c.E.web.controller.EatAndShareTest - No active profile set, falling back to 1 default profile: "default"
2025-10-20 12:36:58 INFO  [Test worker] o.s.d.r.c.RepositoryConfigurationDelegate - Bootstrapping Spring Data JPA repositories in DEFAULT mode.
2025-10-20 12:36:58 INFO  [Test worker] o.s.d.r.c.RepositoryConfigurationDelegate - Finished Spring Data repository scanning in 77 ms. Found 5 JPA repository interfaces.
2025-10-20 12:36:58 INFO  [Test worker] o.h.jpa.internal.util.LogHelper - HHH000204: Processing PersistenceUnitInfo [name: default]
2025-10-20 12:36:58 INFO  [Test worker] org.hibernate.Version - HHH000412: Hibernate ORM core version 6.6.26.Final
2025-10-20 12:36:59 INFO  [Test worker] o.h.c.i.RegionFactoryInitiator - HHH000026: Second-level cache disabled
2025-10-20 12:36:59 INFO  [Test worker] o.s.o.j.p.SpringPersistenceUnitInfo - No LoadTimeWeaver setup: ignoring JPA class transformer
2025-10-20 12:36:59 INFO  [Test worker] com.zaxxer.hikari.HikariDataSource - HikariPool-1 - Starting...
2025-10-20 12:36:59 INFO  [Test worker] com.zaxxer.hikari.pool.HikariPool - HikariPool-1 - Added connection com.mysql.cj.jdbc.ConnectionImpl@6d7bb5cc
2025-10-20 12:36:59 INFO  [Test worker] com.zaxxer.hikari.HikariDataSource - HikariPool-1 - Start completed.
2025-10-20 12:37:00 WARN  [Test worker] org.hibernate.orm.deprecation - HHH90000025: MySQL8Dialect does not need to be specified explicitly using 'hibernate.dialect' (remove the property setting and it will be selected by default)
2025-10-20 12:37:00 WARN  [Test worker] org.hibernate.orm.deprecation - HHH90000026: MySQL8Dialect has been deprecated; use org.hibernate.dialect.MySQLDialect instead
2025-10-20 12:37:00 INFO  [Test worker] o.hibernate.orm.connections.pooling - HHH10001005: Database info:
	Database JDBC URL [Connecting through datasource 'HikariDataSource (HikariPool-1)']
	Database driver: undefined/unknown
	Database version: 8.0
	Autocommit mode: undefined/unknown
	Isolation level: undefined/unknown
	Minimum pool size: undefined/unknown
	Maximum pool size: undefined/unknown
2025-10-20 12:37:01 INFO  [Test worker] o.h.e.t.j.p.i.JtaPlatformInitiator - HHH000489: No JTA platform available (set 'hibernate.transaction.jta.platform' to enable JTA platform integration)
2025-10-20 12:37:01 INFO  [Test worker] o.s.o.j.LocalContainerEntityManagerFactoryBean - Initialized JPA EntityManagerFactory for persistence unit 'default'
2025-10-20 12:37:02 WARN  [Test worker] o.s.b.a.o.j.JpaBaseConfiguration$JpaWebConfiguration - spring.jpa.open-in-view is enabled by default. Therefore, database queries may be performed during view rendering. Explicitly configure spring.jpa.open-in-view to disable this warning
2025-10-20 12:37:02 WARN  [Test worker] o.s.b.a.s.s.UserDetailsServiceAutoConfiguration - 

Using generated security password: 5c67905e-349a-41e5-af26-a20a18065f2a

This generated password is for development use only. Your security configuration must be updated before running your application in production.

2025-10-20 12:37:02 INFO  [Test worker] o.s.s.c.a.a.c.InitializeUserDetailsBeanManagerConfigurer$InitializeUserDetailsManagerConfigurer - Global AuthenticationManager configured with UserDetailsService bean with name inMemoryUserDetailsManager
2025-10-20 12:37:02 INFO  [Test worker] o.s.b.a.w.s.WelcomePageHandlerMapping - Adding welcome page template: index
2025-10-20 12:37:03 INFO  [Test worker] e.c.E.web.controller.EatAndShareTest - Started EatAndShareTest in 6.614 seconds (process running for 8.402)
2025-10-20 12:37:03 INFO  [SpringApplicationShutdownHook] o.s.o.j.LocalContainerEntityManagerFactoryBean - Closing JPA EntityManagerFactory for persistence unit 'default'
2025-10-20 12:37:03 INFO  [SpringApplicationShutdownHook] com.zaxxer.hikari.HikariDataSource - HikariPool-1 - Shutdown initiated...
2025-10-20 12:37:03 INFO  [SpringApplicationShutdownHook] com.zaxxer.hikari.HikariDataSource - HikariPool-1 - Shutdown completed.
2025-10-20 12:38:11 INFO  [Test worker] e.c.E.web.controller.EatAndShareTest - Starting EatAndShareTest using Java 21.0.8 with PID 16154 (started by dre in /home/dre/cs_341/finalproject)
2025-10-20 12:38:11 INFO  [Test worker] e.c.E.web.controller.EatAndShareTest - No active profile set, falling back to 1 default profile: "default"
2025-10-20 12:38:12 INFO  [Test worker] o.s.d.r.c.RepositoryConfigurationDelegate - Bootstrapping Spring Data JPA repositories in DEFAULT mode.
2025-10-20 12:38:13 INFO  [Test worker] o.s.d.r.c.RepositoryConfigurationDelegate - Finished Spring Data repository scanning in 89 ms. Found 5 JPA repository interfaces.
2025-10-20 12:38:13 INFO  [Test worker] o.h.jpa.internal.util.LogHelper - HHH000204: Processing PersistenceUnitInfo [name: default]
2025-10-20 12:38:13 INFO  [Test worker] org.hibernate.Version - HHH000412: Hibernate ORM core version 6.6.26.Final
2025-10-20 12:38:13 INFO  [Test worker] o.h.c.i.RegionFactoryInitiator - HHH000026: Second-level cache disabled
2025-10-20 12:38:14 INFO  [Test worker] o.s.o.j.p.SpringPersistenceUnitInfo - No LoadTimeWeaver setup: ignoring JPA class transformer
2025-10-20 12:38:14 INFO  [Test worker] com.zaxxer.hikari.HikariDataSource - HikariPool-1 - Starting...
2025-10-20 12:38:14 INFO  [Test worker] com.zaxxer.hikari.pool.HikariPool - HikariPool-1 - Added connection com.mysql.cj.jdbc.ConnectionImpl@114badf0
2025-10-20 12:38:14 INFO  [Test worker] com.zaxxer.hikari.HikariDataSource - HikariPool-1 - Start completed.
2025-10-20 12:38:14 WARN  [Test worker] org.hibernate.orm.deprecation - HHH90000025: MySQL8Dialect does not need to be specified explicitly using 'hibernate.dialect' (remove the property setting and it will be selected by default)
2025-10-20 12:38:14 WARN  [Test worker] org.hibernate.orm.deprecation - HHH90000026: MySQL8Dialect has been deprecated; use org.hibernate.dialect.MySQLDialect instead
2025-10-20 12:38:15 INFO  [Test worker] o.hibernate.orm.connections.pooling - HHH10001005: Database info:
	Database JDBC URL [Connecting through datasource 'HikariDataSource (HikariPool-1)']
	Database driver: undefined/unknown
	Database version: 8.0
	Autocommit mode: undefined/unknown
	Isolation level: undefined/unknown
	Minimum pool size: undefined/unknown
	Maximum pool size: undefined/unknown
2025-10-20 12:38:16 INFO  [Test worker] o.h.e.t.j.p.i.JtaPlatformInitiator - HHH000489: No JTA platform available (set 'hibernate.transaction.jta.platform' to enable JTA platform integration)
2025-10-20 12:38:16 INFO  [Test worker] o.s.o.j.LocalContainerEntityManagerFactoryBean - Initialized JPA EntityManagerFactory for persistence unit 'default'
2025-10-20 12:38:17 WARN  [Test worker] o.s.b.a.o.j.JpaBaseConfiguration$JpaWebConfiguration - spring.jpa.open-in-view is enabled by default. Therefore, database queries may be performed during view rendering. Explicitly configure spring.jpa.open-in-view to disable this warning
2025-10-20 12:38:17 WARN  [Test worker] o.s.b.a.s.s.UserDetailsServiceAutoConfiguration - 

Using generated security password: 63518c28-d7d2-40c8-a446-d87aa7412b8d

This generated password is for development use only. Your security configuration must be updated before running your application in production.

2025-10-20 12:38:17 INFO  [Test worker] o.s.s.c.a.a.c.InitializeUserDetailsBeanManagerConfigurer$InitializeUserDetailsManagerConfigurer - Global AuthenticationManager configured with UserDetailsService bean with name inMemoryUserDetailsManager
2025-10-20 12:38:17 INFO  [Test worker] o.s.b.a.w.s.WelcomePageHandlerMapping - Adding welcome page template: index
2025-10-20 12:38:18 INFO  [Test worker] e.c.E.web.controller.EatAndShareTest - Started EatAndShareTest in 6.653 seconds (process running for 8.52)
2025-10-20 12:38:22 INFO  [SpringApplicationShutdownHook] o.s.o.j.LocalContainerEntityManagerFactoryBean - Closing JPA EntityManagerFactory for persistence unit 'default'
2025-10-20 12:38:22 INFO  [SpringApplicationShutdownHook] com.zaxxer.hikari.HikariDataSource - HikariPool-1 - Shutdown initiated...
2025-10-20 12:38:22 INFO  [SpringApplicationShutdownHook] com.zaxxer.hikari.HikariDataSource - HikariPool-1 - Shutdown completed.
